<?xml version="1.0" encoding="UTF-8"?>
<!-- Generated by org.testng.reporters.JUnitReportReporter -->
<testsuite hostname="DESKTOP-TSI3E10" failures="0" tests="2" name="qaclickacademy.AppiumTest" time="0.005" errors="0" timestamp="2020-05-02T18:24:28 IST" skipped="0">
  <testcase classname="qaclickacademy.AppiumTest" name="IOSApps" time="0.002"/>
  <system-out/>
  <testcase classname="qaclickacademy.AppiumTest" name="nativeAppAndroid" time="0.003"/>
  <system-out/>
</testsuite> <!-- qaclickacademy.AppiumTest -->
