<?xml version="1.0" encoding="UTF-8"?>
<!-- Generated by org.testng.reporters.JUnitReportReporter -->
<testsuite hostname="DESKTOP-TSI3E10" failures="0" tests="2" name="qaclickacademy.AppiumTest" time="0.001" errors="0" timestamp="2020-05-02T18:36:08 IST" skipped="0">
  <testcase classname="qaclickacademy.AppiumTest" name="IOSApps" time="0.001"/>
  <system-out/>
  <testcase classname="qaclickacademy.AppiumTest" name="nativeAppAndroid" time="0.000"/>
  <system-out/>
</testsuite> <!-- qaclickacademy.AppiumTest -->
