<?xml version="1.0" encoding="UTF-8"?>
<!-- Generated by org.testng.reporters.JUnitReportReporter -->
<testsuite hostname="DESKTOP-TSI3E10" failures="0" tests="2" name="qaclickacademy.APITest" time="0.004" errors="0" timestamp="2020-05-02T18:36:34 IST" skipped="0">
  <testcase classname="qaclickacademy.APITest" name="deleteTwitter" time="0.004"/>
  <system-out/>
  <testcase classname="qaclickacademy.APITest" name="postJira" time="0.000"/>
  <system-out/>
</testsuite> <!-- qaclickacademy.APITest -->
